<?xml version="1.0" encoding="UTF-8"?>
<!-- Generated by org.testng.reporters.JUnitReportReporter -->
<testsuite hostname="LP-SuruchiDas1" name="package1.DownloadfileConcept" tests="1" failures="0" timestamp="23 Feb 2020 15:43:42 GMT" time="15.737" errors="0">
  <testcase name="downloadFileTest" time="15.737" classname="package1.DownloadfileConcept"/>
</testsuite> <!-- package1.DownloadfileConcept -->
